<?xml version="1.0" encoding="UTF-8"?>
<testsuite name="corp.SumCalculatorTests" tests="3" skipped="0" failures="0" errors="0" timestamp="2024-04-05T23:13:34" hostname="DESKTOP-GF7MR1M" time="0.03">
  <properties/>
  <testcase name="testThatSum1CalculatedCorrectly()" classname="corp.SumCalculatorTests" time="0.022"/>
  <testcase name="testThatIllegalArgumentExceptionThrownForInvalidInput()" classname="corp.SumCalculatorTests" time="0.005"/>
  <testcase name="testThatSum3CalculatedCorrectly()" classname="corp.SumCalculatorTests" time="0.001"/>
  <system-out><![CDATA[]]></system-out>
  <system-err><![CDATA[]]></system-err>
</testsuite>
